<?xml version="1.0" encoding="UTF-8"?>
<!-- Generated by org.testng.reporters.JUnitXMLReporter -->
<testsuite hostname="LAPTOP-39CAP8MA" failures="0" tests="6" name="Surefire test" time="0.034" errors="0" timestamp="5 Oct 2021 17:18:19 GMT">
  <testcase classname="com.example.test.SpringBootApplicationTest" name="testFindEmployee" time="0.009"/>
  <testcase classname="com.example.test.SpringBootApplicationTest" name="testFindEmployee" time="0.0"/>
  <testcase classname="com.example.test.SpringBootApplicationTest" name="testFindEmployee" time="0.0"/>
  <testcase classname="com.example.test.SpringBootApplicationTest" name="testFindEmployee" time="0.0"/>
  <testcase classname="com.example.test.SpringBootApplicationTest" name="testFindEmployee" time="0.0"/>
  <testcase classname="com.example.test.SpringBootApplicationTest" name="testFindEmployeeBySalary" time="0.0">
    <skipped/>
  </testcase> <!-- testFindEmployeeBySalary -->
</testsuite> <!-- Surefire test -->
