<?xml version="1.0" encoding="UTF-8"?>
<!-- Generated by org.testng.reporters.JUnitXMLReporter -->
<testsuite ignored="1" hostname="LAPTOP-39CAP8MA" failures="0" tests="5" name="Default test" time="0.538" errors="0" timestamp="13 Oct 2021 08:17:51 GMT">
  <testcase classname="com.example.test.ReadCsvAndJSONTest" name="testWithCsv" time="0.003"/>
  <testcase classname="com.example.test.ReadCsvAndJSONTest" name="testWithCsv" time="0.001"/>
  <testcase classname="com.example.test.ReadCsvAndJSONTest" name="testWithCsv" time="0.001"/>
  <testcase classname="com.example.test.ReadCsvAndJSONTest" name="testWithCsv" time="0.002"/>
  <testcase classname="com.example.test.ReadCsvAndJSONTest" name="testWithCsv" time="0.001"/>
  <testcase classname="com.example.test.ReadCsvAndJSONTest" name="testFindEmployeeBySalary" time="0.0">
    <ignored/>
  </testcase> <!-- testFindEmployeeBySalary -->
</testsuite> <!-- Default test -->
