<?xml version="1.0" encoding="UTF-8"?>
<!-- Generated by org.testng.reporters.JUnitXMLReporter -->
<testsuite ignored="0" hostname="LAPTOP-39CAP8MA" failures="0" tests="6" name="Surefire test" time="0.315" errors="0" timestamp="07 Oct 2021 11:45:00 GMT">
  <testcase classname="com.example.test.SpringBootApplicationTest" name="testFindEmployee" time="0.008"/>
  <testcase classname="com.example.test.SpringBootApplicationTest" name="testFindEmployee" time="0.008"/>
  <testcase classname="com.example.test.SpringBootApplicationTest" name="testFindEmployee" time="0.008"/>
  <testcase classname="com.example.test.SpringBootApplicationTest" name="testFindEmployee" time="0.008"/>
  <testcase classname="com.example.test.SpringBootApplicationTest" name="testFindEmployee" time="0.008"/>
  <testcase classname="com.example.test.SpringBootApplicationTest" name="testFindEmployeeBySalary" time="0.001"/>
</testsuite> <!-- Surefire test -->
