<?xml version="1.0" encoding="UTF-8"?>
<testng-results ignored="0" total="6" passed="6" failed="0" skipped="0">
  <reporter-output>
  </reporter-output>
  <suite started-at="2021-10-07T11:45:00Z" name="Surefire suite" finished-at="2021-10-07T11:45:00Z" duration-ms="315">
    <groups>
      <group name="cucumber">
        <method signature="AbstractTestNGCucumberTests.runScenario(io.cucumber.testng.PickleWrapper, io.cucumber.testng.FeatureWrapper)[pri:0, instance:com.example.test.SpringBootApplicationTest@55141def]" name="runScenario" class="io.cucumber.testng.AbstractTestNGCucumberTests"/>
      </group> <!-- cucumber -->
    </groups>
    <test started-at="2021-10-07T11:45:00Z" name="Surefire test" finished-at="2021-10-07T11:45:00Z" duration-ms="315">
      <class name="com.example.test.SpringBootApplicationTest">
        <test-method is-config="true" signature="setUpClass()[pri:0, instance:com.example.test.SpringBootApplicationTest@55141def]" started-at="2021-10-07T17:15:00Z" name="setUpClass" finished-at="2021-10-07T17:15:00Z" duration-ms="178" status="PASS">
          <reporter-output>
          </reporter-output>
        </test-method> <!-- setUpClass -->
        <test-method is-config="true" signature="init()[pri:0, instance:com.example.test.SpringBootApplicationTest@55141def]" started-at="2021-10-07T17:15:00Z" name="init" finished-at="2021-10-07T17:15:00Z" duration-ms="2" status="PASS">
          <reporter-output>
          </reporter-output>
        </test-method> <!-- init -->
        <test-method is-config="true" signature="init()[pri:0, instance:com.example.test.SpringBootApplicationTest@55141def]" started-at="2021-10-07T17:15:00Z" name="init" finished-at="2021-10-07T17:15:00Z" duration-ms="1" status="PASS">
          <reporter-output>
          </reporter-output>
        </test-method> <!-- init -->
        <test-method is-config="true" signature="init()[pri:0, instance:com.example.test.SpringBootApplicationTest@55141def]" started-at="2021-10-07T17:15:00Z" name="init" finished-at="2021-10-07T17:15:00Z" duration-ms="1" status="PASS">
          <reporter-output>
          </reporter-output>
        </test-method> <!-- init -->
        <test-method is-config="true" signature="init()[pri:0, instance:com.example.test.SpringBootApplicationTest@55141def]" started-at="2021-10-07T17:15:00Z" name="init" finished-at="2021-10-07T17:15:00Z" duration-ms="1" status="PASS">
          <reporter-output>
          </reporter-output>
        </test-method> <!-- init -->
        <test-method is-config="true" signature="init()[pri:0, instance:com.example.test.SpringBootApplicationTest@55141def]" started-at="2021-10-07T17:15:00Z" name="init" finished-at="2021-10-07T17:15:00Z" duration-ms="1" status="PASS">
          <reporter-output>
          </reporter-output>
        </test-method> <!-- init -->
        <test-method signature="testFindEmployee(java.lang.String, java.lang.String)[pri:0, instance:com.example.test.SpringBootApplicationTest@55141def]" started-at="2021-10-07T17:15:00Z" name="testFindEmployee" data-provider="testDp1" finished-at="2021-10-07T17:15:00Z" duration-ms="8" status="PASS">
          <params>
            <param index="0">
              <value is-null="true"/>
            </param>
            <param index="1">
              <value>
                <![CDATA[emp1]]>
              </value>
            </param>
          </params>
          <reporter-output>
          </reporter-output>
        </test-method> <!-- testFindEmployee -->
        <test-method signature="testFindEmployee(java.lang.String, java.lang.String)[pri:0, instance:com.example.test.SpringBootApplicationTest@55141def]" started-at="2021-10-07T17:15:00Z" name="testFindEmployee" data-provider="testDp1" finished-at="2021-10-07T17:15:00Z" duration-ms="8" status="PASS">
          <params>
            <param index="0">
              <value>
                <![CDATA[1]]>
              </value>
            </param>
            <param index="1">
              <value>
                <![CDATA[emp1]]>
              </value>
            </param>
          </params>
          <reporter-output>
          </reporter-output>
        </test-method> <!-- testFindEmployee -->
        <test-method signature="testFindEmployee(java.lang.String, java.lang.String)[pri:0, instance:com.example.test.SpringBootApplicationTest@55141def]" started-at="2021-10-07T17:15:00Z" name="testFindEmployee" data-provider="testDp1" finished-at="2021-10-07T17:15:00Z" duration-ms="8" status="PASS">
          <params>
            <param index="0">
              <value>
                <![CDATA[34test]]>
              </value>
            </param>
            <param index="1">
              <value>
                <![CDATA[emp1]]>
              </value>
            </param>
          </params>
          <reporter-output>
          </reporter-output>
        </test-method> <!-- testFindEmployee -->
        <test-method signature="testFindEmployee(java.lang.String, java.lang.String)[pri:0, instance:com.example.test.SpringBootApplicationTest@55141def]" started-at="2021-10-07T17:15:00Z" name="testFindEmployee" data-provider="testDp1" finished-at="2021-10-07T17:15:00Z" duration-ms="8" status="PASS">
          <params>
            <param index="0">
              <value>
                <![CDATA[2]]>
              </value>
            </param>
            <param index="1">
              <value>
                <![CDATA[emp2]]>
              </value>
            </param>
          </params>
          <reporter-output>
          </reporter-output>
        </test-method> <!-- testFindEmployee -->
        <test-method signature="testFindEmployee(java.lang.String, java.lang.String)[pri:0, instance:com.example.test.SpringBootApplicationTest@55141def]" started-at="2021-10-07T17:15:00Z" name="testFindEmployee" data-provider="testDp1" finished-at="2021-10-07T17:15:00Z" duration-ms="8" status="PASS">
          <params>
            <param index="0">
              <value>
                <![CDATA[4]]>
              </value>
            </param>
            <param index="1">
              <value>
                <![CDATA[emp4]]>
              </value>
            </param>
          </params>
          <reporter-output>
          </reporter-output>
        </test-method> <!-- testFindEmployee -->
        <test-method signature="testFindEmployeeBySalary(java.util.Map)[pri:0, instance:com.example.test.SpringBootApplicationTest@55141def]" started-at="2021-10-07T17:15:00Z" name="testFindEmployeeBySalary" data-provider="testDp2" finished-at="2021-10-07T17:15:00Z" duration-ms="1" status="PASS">
          <params>
            <param index="0">
              <value>
                <![CDATA[{}]]>
              </value>
            </param>
          </params>
          <reporter-output>
          </reporter-output>
        </test-method> <!-- testFindEmployeeBySalary -->
        <test-method is-config="true" signature="init()[pri:0, instance:com.example.test.SpringBootApplicationTest@55141def]" started-at="2021-10-07T17:15:00Z" name="init" finished-at="2021-10-07T17:15:00Z" duration-ms="0" status="PASS">
          <reporter-output>
          </reporter-output>
        </test-method> <!-- init -->
        <test-method is-config="true" signature="tearDownClass()[pri:0, instance:com.example.test.SpringBootApplicationTest@55141def]" started-at="2021-10-07T17:15:00Z" name="tearDownClass" finished-at="2021-10-07T17:15:00Z" duration-ms="3" status="PASS">
          <reporter-output>
          </reporter-output>
        </test-method> <!-- tearDownClass -->
      </class> <!-- com.example.test.SpringBootApplicationTest -->
    </test> <!-- Surefire test -->
  </suite> <!-- Surefire suite -->
</testng-results>
