<?xml version="1.0" encoding="UTF-8"?>
<testsuite xmlns:xsi="http://www.w3.org/2001/XMLSchema-instance" xsi:noNamespaceSchemaLocation="https://maven.apache.org/surefire/maven-surefire-plugin/xsd/surefire-test-report.xsd" name="com.example.test.SpringBootApplicationTest" time="0.665" tests="7" errors="0" skipped="0" failures="0">
  <properties>
[...]
</properties>
  <testcase name="testFindEmployee" classname="com.example.test.SpringBootApplicationTest" time="0.008"/>
  <testcase name="testFindEmployee" classname="com.example.test.SpringBootApplicationTest" time="0.001"/>
  <testcase name="testFindEmployee" classname="com.example.test.SpringBootApplicationTest" time="0"/>
  <testcase name="testFindEmployee" classname="com.example.test.SpringBootApplicationTest" time="0"/>
  <testcase name="testFindEmployee" classname="com.example.test.SpringBootApplicationTest" time="0"/>
  <testcase name="testFindEmployeeBySalary" classname="com.example.test.SpringBootApplicationTest" time="0.003"/>
  <testcase name="testFindEmployeeBySalary" classname="com.example.test.SpringBootApplicationTest" time="0.001"/>
</testsuite>