<?xml version="1.0" encoding="UTF-8"?>
<testng-results ignored="0" total="6" passed="5" failed="0" skipped="1">
  <reporter-output>
  </reporter-output>
  <suite started-at="2021-10-07T11:15:13Z" name="Surefire suite" finished-at="2021-10-07T11:15:14Z" duration-ms="310">
    <groups>
      <group name="cucumber">
        <method signature="AbstractTestNGCucumberTests.runScenario(io.cucumber.testng.PickleWrapper, io.cucumber.testng.FeatureWrapper)[pri:0, instance:com.example.test.SpringBootApplicationTest@3349e9bb]" name="runScenario" class="io.cucumber.testng.AbstractTestNGCucumberTests"/>
      </group> <!-- cucumber -->
    </groups>
    <test started-at="2021-10-07T11:15:13Z" name="Surefire test" finished-at="2021-10-07T11:15:14Z" duration-ms="310">
      <class name="com.example.test.SpringBootApplicationTest">
        <test-method is-config="true" signature="setUpClass()[pri:0, instance:com.example.test.SpringBootApplicationTest@3349e9bb]" started-at="2021-10-07T16:45:13Z" name="setUpClass" finished-at="2021-10-07T16:45:14Z" duration-ms="170" status="PASS">
          <reporter-output>
          </reporter-output>
        </test-method> <!-- setUpClass -->
        <test-method is-config="true" signature="init()[pri:0, instance:com.example.test.SpringBootApplicationTest@3349e9bb]" started-at="2021-10-07T16:45:14Z" name="init" finished-at="2021-10-07T16:45:14Z" duration-ms="2" status="PASS">
          <reporter-output>
          </reporter-output>
        </test-method> <!-- init -->
        <test-method is-config="true" signature="init()[pri:0, instance:com.example.test.SpringBootApplicationTest@3349e9bb]" started-at="2021-10-07T16:45:14Z" name="init" finished-at="2021-10-07T16:45:14Z" duration-ms="2" status="PASS">
          <reporter-output>
          </reporter-output>
        </test-method> <!-- init -->
        <test-method is-config="true" signature="init()[pri:0, instance:com.example.test.SpringBootApplicationTest@3349e9bb]" started-at="2021-10-07T16:45:14Z" name="init" finished-at="2021-10-07T16:45:14Z" duration-ms="2" status="PASS">
          <reporter-output>
          </reporter-output>
        </test-method> <!-- init -->
        <test-method is-config="true" signature="init()[pri:0, instance:com.example.test.SpringBootApplicationTest@3349e9bb]" started-at="2021-10-07T16:45:14Z" name="init" finished-at="2021-10-07T16:45:14Z" duration-ms="2" status="PASS">
          <reporter-output>
          </reporter-output>
        </test-method> <!-- init -->
        <test-method is-config="true" signature="init()[pri:0, instance:com.example.test.SpringBootApplicationTest@3349e9bb]" started-at="2021-10-07T16:45:14Z" name="init" finished-at="2021-10-07T16:45:14Z" duration-ms="2" status="PASS">
          <reporter-output>
          </reporter-output>
        </test-method> <!-- init -->
        <test-method signature="testFindEmployee(java.lang.String, java.lang.String)[pri:0, instance:com.example.test.SpringBootApplicationTest@3349e9bb]" started-at="2021-10-07T16:45:14Z" name="testFindEmployee" data-provider="testDp1" finished-at="2021-10-07T16:45:14Z" duration-ms="7" status="PASS">
          <params>
            <param index="0">
              <value>
                <![CDATA[4]]>
              </value>
            </param>
            <param index="1">
              <value>
                <![CDATA[emp4]]>
              </value>
            </param>
          </params>
          <reporter-output>
          </reporter-output>
        </test-method> <!-- testFindEmployee -->
        <test-method signature="testFindEmployee(java.lang.String, java.lang.String)[pri:0, instance:com.example.test.SpringBootApplicationTest@3349e9bb]" started-at="2021-10-07T16:45:14Z" name="testFindEmployee" data-provider="testDp1" finished-at="2021-10-07T16:45:14Z" duration-ms="7" status="PASS">
          <params>
            <param index="0">
              <value>
                <![CDATA[2]]>
              </value>
            </param>
            <param index="1">
              <value>
                <![CDATA[emp2]]>
              </value>
            </param>
          </params>
          <reporter-output>
          </reporter-output>
        </test-method> <!-- testFindEmployee -->
        <test-method signature="testFindEmployee(java.lang.String, java.lang.String)[pri:0, instance:com.example.test.SpringBootApplicationTest@3349e9bb]" started-at="2021-10-07T16:45:14Z" name="testFindEmployee" data-provider="testDp1" finished-at="2021-10-07T16:45:14Z" duration-ms="7" status="PASS">
          <params>
            <param index="0">
              <value>
                <![CDATA[1]]>
              </value>
            </param>
            <param index="1">
              <value>
                <![CDATA[emp1]]>
              </value>
            </param>
          </params>
          <reporter-output>
          </reporter-output>
        </test-method> <!-- testFindEmployee -->
        <test-method signature="testFindEmployee(java.lang.String, java.lang.String)[pri:0, instance:com.example.test.SpringBootApplicationTest@3349e9bb]" started-at="2021-10-07T16:45:14Z" name="testFindEmployee" data-provider="testDp1" finished-at="2021-10-07T16:45:14Z" duration-ms="7" status="PASS">
          <params>
            <param index="0">
              <value is-null="true"/>
            </param>
            <param index="1">
              <value>
                <![CDATA[emp1]]>
              </value>
            </param>
          </params>
          <reporter-output>
          </reporter-output>
        </test-method> <!-- testFindEmployee -->
        <test-method signature="testFindEmployee(java.lang.String, java.lang.String)[pri:0, instance:com.example.test.SpringBootApplicationTest@3349e9bb]" started-at="2021-10-07T16:45:14Z" name="testFindEmployee" data-provider="testDp1" finished-at="2021-10-07T16:45:14Z" duration-ms="7" status="PASS">
          <params>
            <param index="0">
              <value>
                <![CDATA[34test]]>
              </value>
            </param>
            <param index="1">
              <value>
                <![CDATA[emp1]]>
              </value>
            </param>
          </params>
          <reporter-output>
          </reporter-output>
        </test-method> <!-- testFindEmployee -->
        <test-method signature="testFindEmployeeBySalary(java.util.Map)[pri:0, instance:com.example.test.SpringBootApplicationTest@3349e9bb]" started-at="2021-10-07T16:45:14Z" name="testFindEmployeeBySalary" data-provider="testDp2" finished-at="2021-10-07T16:45:14Z" duration-ms="0" status="SKIP">
          <exception class="java.lang.RuntimeException">
            <message>
              <![CDATA[java.lang.NullPointerException]]>
            </message>
            <full-stacktrace>
              <![CDATA[java.lang.RuntimeException: java.lang.NullPointerException
	at org.testng.internal.MethodInvocationHelper.invokeMethodNoCheckedException(MethodInvocationHelper.java:49)
	at org.testng.internal.MethodInvocationHelper.invokeDataProvider(MethodInvocationHelper.java:111)
	at org.testng.internal.Parameters.handleParameters(Parameters.java:509)
	at org.testng.internal.Invoker.handleParameters(Invoker.java:1293)
	at org.testng.internal.Invoker.createParameters(Invoker.java:1020)
	at org.testng.internal.Invoker.invokeTestMethods(Invoker.java:1110)
	at org.testng.internal.TestMethodWorker.invokeTestMethods(TestMethodWorker.java:129)
	at org.testng.internal.TestMethodWorker.run(TestMethodWorker.java:112)
	at org.testng.TestRunner.privateRun(TestRunner.java:756)
	at org.testng.TestRunner.run(TestRunner.java:610)
	at org.testng.SuiteRunner.runTest(SuiteRunner.java:387)
	at org.testng.SuiteRunner.runSequentially(SuiteRunner.java:382)
	at org.testng.SuiteRunner.privateRun(SuiteRunner.java:340)
	at org.testng.SuiteRunner.run(SuiteRunner.java:289)
	at org.testng.SuiteRunnerWorker.runSuite(SuiteRunnerWorker.java:52)
	at org.testng.SuiteRunnerWorker.run(SuiteRunnerWorker.java:86)
	at org.testng.TestNG.runSuitesSequentially(TestNG.java:1293)
	at org.testng.TestNG.runSuitesLocally(TestNG.java:1218)
	at org.testng.TestNG.runSuites(TestNG.java:1133)
	at org.testng.TestNG.run(TestNG.java:1104)
	at org.apache.maven.surefire.testng.TestNGExecutor.run(TestNGExecutor.java:135)
	at org.apache.maven.surefire.testng.TestNGDirectoryTestSuite.executeSingleClass(TestNGDirectoryTestSuite.java:112)
	at org.apache.maven.surefire.testng.TestNGDirectoryTestSuite.execute(TestNGDirectoryTestSuite.java:99)
	at org.apache.maven.surefire.testng.TestNGProvider.invoke(TestNGProvider.java:146)
	at org.apache.maven.surefire.booter.ForkedBooter.invokeProviderInSameClassLoader(ForkedBooter.java:384)
	at org.apache.maven.surefire.booter.ForkedBooter.runSuitesInProcess(ForkedBooter.java:345)
	at org.apache.maven.surefire.booter.ForkedBooter.execute(ForkedBooter.java:126)
	at org.apache.maven.surefire.booter.ForkedBooter.main(ForkedBooter.java:418)
Caused by: java.lang.NullPointerException
	at com.example.test.SpringBootApplicationTest.testDpMethod2(SpringBootApplicationTest.java:55)
	at java.base/jdk.internal.reflect.NativeMethodAccessorImpl.invoke0(Native Method)
	at java.base/jdk.internal.reflect.NativeMethodAccessorImpl.invoke(NativeMethodAccessorImpl.java:62)
	at java.base/jdk.internal.reflect.DelegatingMethodAccessorImpl.invoke(DelegatingMethodAccessorImpl.java:43)
	at java.base/java.lang.reflect.Method.invoke(Method.java:566)
	at org.testng.internal.MethodInvocationHelper.invokeMethod(MethodInvocationHelper.java:104)
	at org.testng.internal.MethodInvocationHelper.invokeMethod(MethodInvocationHelper.java:55)
	at org.testng.internal.MethodInvocationHelper.invokeMethodNoCheckedException(MethodInvocationHelper.java:45)
	... 27 more
]]>
            </full-stacktrace>
          </exception> <!-- java.lang.RuntimeException -->
          <reporter-output>
          </reporter-output>
        </test-method> <!-- testFindEmployeeBySalary -->
        <test-method is-config="true" signature="tearDownClass()[pri:0, instance:com.example.test.SpringBootApplicationTest@3349e9bb]" started-at="2021-10-07T16:45:14Z" name="tearDownClass" finished-at="2021-10-07T16:45:14Z" duration-ms="7" status="PASS">
          <reporter-output>
          </reporter-output>
        </test-method> <!-- tearDownClass -->
      </class> <!-- com.example.test.SpringBootApplicationTest -->
    </test> <!-- Surefire test -->
  </suite> <!-- Surefire suite -->
</testng-results>
