<?xml version="1.0" encoding="UTF-8"?>
<testng-results total="7" passed="7" failed="0" skipped="0">
  <reporter-output>
  </reporter-output>
  <suite started-at="2021-10-04T14:20:53Z" name="Surefire suite" finished-at="2021-10-04T14:20:53Z" duration-ms="33">
    <groups>
    </groups>
    <test started-at="2021-10-04T14:20:53Z" name="Surefire test" finished-at="2021-10-04T14:20:53Z" duration-ms="33">
      <class name="com.example.test.SpringBootApplicationTest">
        <test-method is-config="true" signature="init()[pri:0, instance:com.example.test.SpringBootApplicationTest@1189dd52]" started-at="2021-10-04T19:50:53Z" name="init" finished-at="2021-10-04T19:50:53Z" duration-ms="5" status="PASS">
          <reporter-output>
          </reporter-output>
        </test-method> <!-- init -->
        <test-method signature="testFindEmployee(java.lang.String, java.lang.String)[pri:0, instance:com.example.test.SpringBootApplicationTest@1189dd52]" started-at="2021-10-04T19:50:53Z" name="testFindEmployee" data-provider="testDp1" finished-at="2021-10-04T19:50:53Z" duration-ms="7" status="PASS">
          <params>
            <param index="0">
              <value>
                <![CDATA[1]]>
              </value>
            </param>
            <param index="1">
              <value>
                <![CDATA[emp1]]>
              </value>
            </param>
          </params>
          <reporter-output>
          </reporter-output>
        </test-method> <!-- testFindEmployee -->
        <test-method signature="testFindEmployee(java.lang.String, java.lang.String)[pri:0, instance:com.example.test.SpringBootApplicationTest@1189dd52]" started-at="2021-10-04T19:50:53Z" name="testFindEmployee" data-provider="testDp1" finished-at="2021-10-04T19:50:53Z" duration-ms="0" status="PASS">
          <params>
            <param index="0">
              <value>
                <![CDATA[2]]>
              </value>
            </param>
            <param index="1">
              <value>
                <![CDATA[emp2]]>
              </value>
            </param>
          </params>
          <reporter-output>
          </reporter-output>
        </test-method> <!-- testFindEmployee -->
        <test-method signature="testFindEmployee(java.lang.String, java.lang.String)[pri:0, instance:com.example.test.SpringBootApplicationTest@1189dd52]" started-at="2021-10-04T19:50:53Z" name="testFindEmployee" data-provider="testDp1" finished-at="2021-10-04T19:50:53Z" duration-ms="1" status="PASS">
          <params>
            <param index="0">
              <value>
                <![CDATA[4]]>
              </value>
            </param>
            <param index="1">
              <value>
                <![CDATA[emp4]]>
              </value>
            </param>
          </params>
          <reporter-output>
          </reporter-output>
        </test-method> <!-- testFindEmployee -->
        <test-method is-config="true" signature="init()[pri:0, instance:com.example.test.SpringBootApplicationTest@1189dd52]" started-at="2021-10-04T19:50:53Z" name="init" finished-at="2021-10-04T19:50:53Z" duration-ms="0" status="PASS">
          <reporter-output>
          </reporter-output>
        </test-method> <!-- init -->
        <test-method is-config="true" signature="init()[pri:0, instance:com.example.test.SpringBootApplicationTest@1189dd52]" started-at="2021-10-04T19:50:53Z" name="init" finished-at="2021-10-04T19:50:53Z" duration-ms="0" status="PASS">
          <reporter-output>
          </reporter-output>
        </test-method> <!-- init -->
        <test-method is-config="true" signature="init()[pri:0, instance:com.example.test.SpringBootApplicationTest@1189dd52]" started-at="2021-10-04T19:50:53Z" name="init" finished-at="2021-10-04T19:50:53Z" duration-ms="0" status="PASS">
          <reporter-output>
          </reporter-output>
        </test-method> <!-- init -->
        <test-method signature="testFindEmployee(java.lang.String, java.lang.String)[pri:0, instance:com.example.test.SpringBootApplicationTest@1189dd52]" started-at="2021-10-04T19:50:53Z" name="testFindEmployee" data-provider="testDp1" finished-at="2021-10-04T19:50:53Z" duration-ms="0" status="PASS">
          <params>
            <param index="0">
              <value>
                <![CDATA[34test]]>
              </value>
            </param>
            <param index="1">
              <value>
                <![CDATA[emp1]]>
              </value>
            </param>
          </params>
          <reporter-output>
          </reporter-output>
        </test-method> <!-- testFindEmployee -->
        <test-method signature="testFindEmployee(java.lang.String, java.lang.String)[pri:0, instance:com.example.test.SpringBootApplicationTest@1189dd52]" started-at="2021-10-04T19:50:53Z" name="testFindEmployee" data-provider="testDp1" finished-at="2021-10-04T19:50:53Z" duration-ms="1" status="PASS">
          <params>
            <param index="0">
              <value is-null="true"/>
            </param>
            <param index="1">
              <value>
                <![CDATA[emp1]]>
              </value>
            </param>
          </params>
          <reporter-output>
          </reporter-output>
        </test-method> <!-- testFindEmployee -->
        <test-method is-config="true" signature="init()[pri:0, instance:com.example.test.SpringBootApplicationTest@1189dd52]" started-at="2021-10-04T19:50:53Z" name="init" finished-at="2021-10-04T19:50:53Z" duration-ms="0" status="PASS">
          <reporter-output>
          </reporter-output>
        </test-method> <!-- init -->
        <test-method is-config="true" signature="init()[pri:0, instance:com.example.test.SpringBootApplicationTest@1189dd52]" started-at="2021-10-04T19:50:53Z" name="init" finished-at="2021-10-04T19:50:53Z" duration-ms="0" status="PASS">
          <reporter-output>
          </reporter-output>
        </test-method> <!-- init -->
        <test-method signature="testFindEmployeeBySalary(double, java.lang.String)[pri:0, instance:com.example.test.SpringBootApplicationTest@1189dd52]" started-at="2021-10-04T19:50:53Z" name="testFindEmployeeBySalary" data-provider="testDp2" finished-at="2021-10-04T19:50:53Z" duration-ms="3" status="PASS">
          <params>
            <param index="0">
              <value>
                <![CDATA[20000.0]]>
              </value>
            </param>
            <param index="1">
              <value>
                <![CDATA[manager]]>
              </value>
            </param>
          </params>
          <reporter-output>
          </reporter-output>
        </test-method> <!-- testFindEmployeeBySalary -->
        <test-method signature="testFindEmployeeBySalary(double, java.lang.String)[pri:0, instance:com.example.test.SpringBootApplicationTest@1189dd52]" started-at="2021-10-04T19:50:53Z" name="testFindEmployeeBySalary" data-provider="testDp2" finished-at="2021-10-04T19:50:53Z" duration-ms="0" status="PASS">
          <params>
            <param index="0">
              <value>
                <![CDATA[20000.0]]>
              </value>
            </param>
            <param index="1">
              <value>
                <![CDATA[developer]]>
              </value>
            </param>
          </params>
          <reporter-output>
          </reporter-output>
        </test-method> <!-- testFindEmployeeBySalary -->
        <test-method is-config="true" signature="init()[pri:0, instance:com.example.test.SpringBootApplicationTest@1189dd52]" started-at="2021-10-04T19:50:53Z" name="init" finished-at="2021-10-04T19:50:53Z" duration-ms="0" status="PASS">
          <reporter-output>
          </reporter-output>
        </test-method> <!-- init -->
      </class> <!-- com.example.test.SpringBootApplicationTest -->
    </test> <!-- Surefire test -->
  </suite> <!-- Surefire suite -->
</testng-results>
